[STATS] Starting RST to MD conversion...
[STATS] Total .rst files processed: 272
[STATS] Filename conflicts resolved: 257
[STATS] Conflicted files:
    ./converted_md_files/concepts_README.md
    ./converted_md_files/exercises_README.md
    ./converted_md_files/aerospace_README.md
    ./converted_md_files/automotive_README.md
    ./converted_md_files/medical_README.md
    ./converted_md_files/Day04_Domain_Modeling_Patterns_README.md
    ./converted_md_files/concepts_concept_note.md
    ./converted_md_files/concepts_README.md
    ./converted_md_files/exercises_README.md
    ./converted_md_files/exercises_worked_example.md
    ./converted_md_files/aerospace_README.md
    ./converted_md_files/automotive_README.md
    ./converted_md_files/medical_README.md
    ./converted_md_files/Day02_Traceability_and_TestDesign_README.md
    ./converted_md_files/concepts_concept_note.md
    ./converted_md_files/concepts_README.md
    ./converted_md_files/use_case_requirements.md
    ./converted_md_files/exercises_README.md
    ./converted_md_files/exercises_worked_example.md
    ./converted_md_files/aerospace_README.md
    ./converted_md_files/automotive_README.md
    ./converted_md_files/medical_README.md
    ./converted_md_files/use_case_requirements.md
    ./converted_md_files/Day01_VModel_and_Requirements_README.md
    ./converted_md_files/concepts_concept_note.md
    ./converted_md_files/concepts_README.md
    ./converted_md_files/use_case_description.md
    ./converted_md_files/exercises_README.md
    ./converted_md_files/exercises_worked_example.md
    ./converted_md_files/aerospace_README.md
    ./converted_md_files/01_concepts_theory.md
    ./converted_md_files/automotive_README.md
    ./converted_md_files/medical_README.md
    ./converted_md_files/use_case_description.md
    ./converted_md_files/Day03_Plant_and_Controller_Modeling_README.md
    ./converted_md_files/concepts_concept_note.md
    ./converted_md_files/concepts_README.md
    ./converted_md_files/exercises_README.md
    ./converted_md_files/exercises_worked_example.md
    ./converted_md_files/aerospace_README.md
    ./converted_md_files/01_concepts_theory.md
    ./converted_md_files/automotive_README.md
    ./converted_md_files/medical_README.md
    ./converted_md_files/Day05_Simulation_Tools_Setup_README.md
    ./converted_md_files/concepts_concept_note.md
    ./converted_md_files/concepts_README.md
    ./converted_md_files/exercises_README.md
    ./converted_md_files/exercises_worked_example.md
    ./converted_md_files/aerospace_README.md
    ./converted_md_files/automotive_README.md
    ./converted_md_files/medical_README.md
    ./converted_md_files/Day09_MIL_Automation_README.md
    ./converted_md_files/concepts_concept_note.md
    ./converted_md_files/concepts_README.md
    ./converted_md_files/exercises_README.md
    ./converted_md_files/exercises_worked_example.md
    ./converted_md_files/aerospace_README.md
    ./converted_md_files/automotive_README.md
    ./converted_md_files/medical_README.md
    ./converted_md_files/Day06_MIL_Execution_README.md
    ./converted_md_files/concepts_concept_note.md
    ./converted_md_files/concepts_README.md
    ./converted_md_files/exercises_README.md
    ./converted_md_files/exercises_worked_example.md
    ./converted_md_files/aerospace_README.md
    ./converted_md_files/automotive_README.md
    ./converted_md_files/medical_README.md
    ./converted_md_files/Day10_MIL_MiniProject_README.md
    ./converted_md_files/concepts_concept_note.md
    ./converted_md_files/concepts_README.md
    ./converted_md_files/exercises_README.md
    ./converted_md_files/exercises_worked_example.md
    ./converted_md_files/aerospace_README.md
    ./converted_md_files/automotive_README.md
    ./converted_md_files/medical_README.md
    ./converted_md_files/Day07_ClosedLoop_Simulation_README.md
    ./converted_md_files/concepts_concept_note.md
    ./converted_md_files/concepts_README.md
    ./converted_md_files/exercises_README.md
    ./converted_md_files/exercises_worked_example.md
    ./converted_md_files/aerospace_README.md
    ./converted_md_files/automotive_README.md
    ./converted_md_files/medical_README.md
    ./converted_md_files/Day12_SIL_Setup_README.md
    ./converted_md_files/concepts_concept_note.md
    ./converted_md_files/concepts_README.md
    ./converted_md_files/exercises_README.md
    ./converted_md_files/exercises_worked_example.md
    ./converted_md_files/aerospace_README.md
    ./converted_md_files/automotive_README.md
    ./converted_md_files/medical_README.md
    ./converted_md_files/Day15_StaticAnalysis_README.md
    ./converted_md_files/concepts_concept_note.md
    ./converted_md_files/concepts_README.md
    ./converted_md_files/exercises_README.md
    ./converted_md_files/exercises_worked_example.md
    ./converted_md_files/aerospace_README.md
    ./converted_md_files/automotive_README.md
    ./converted_md_files/medical_README.md
    ./converted_md_files/Day20_SIL_MiniProject_README.md
    ./converted_md_files/concepts_concept_note.md
    ./converted_md_files/concepts_README.md
    ./converted_md_files/exercises_README.md
    ./converted_md_files/exercises_worked_example.md
    ./converted_md_files/aerospace_README.md
    ./converted_md_files/automotive_README.md
    ./converted_md_files/medical_README.md
    ./converted_md_files/Day14_Unit_and_Integration_Testing_README.md
    ./converted_md_files/concepts_concept_note.md
    ./converted_md_files/concepts_README.md
    ./converted_md_files/exercises_README.md
    ./converted_md_files/exercises_worked_example.md
    ./converted_md_files/aerospace_README.md
    ./converted_md_files/automotive_README.md
    ./converted_md_files/medical_README.md
    ./converted_md_files/Day17_Robustness_and_NegativeTesting_README.md
    ./converted_md_files/concepts_concept_note.md
    ./converted_md_files/concepts_README.md
    ./converted_md_files/exercises_README.md
    ./converted_md_files/exercises_worked_example.md
    ./converted_md_files/aerospace_README.md
    ./converted_md_files/automotive_README.md
    ./converted_md_files/medical_README.md
    ./converted_md_files/Day19_SIL_Coverage_MC_DC_README.md
    ./converted_md_files/concepts_concept_note.md
    ./converted_md_files/concepts_README.md
    ./converted_md_files/exercises_README.md
    ./converted_md_files/exercises_worked_example.md
    ./converted_md_files/aerospace_README.md
    ./converted_md_files/automotive_README.md
    ./converted_md_files/medical_README.md
    ./converted_md_files/Day16_SIL_FaultInjection_README.md
    ./converted_md_files/concepts_concept_note.md
    ./converted_md_files/concepts_README.md
    ./converted_md_files/exercises_README.md
    ./converted_md_files/exercises_worked_example.md
    ./converted_md_files/aerospace_README.md
    ./converted_md_files/automotive_README.md
    ./converted_md_files/medical_README.md
    ./converted_md_files/Day13_SIL_Execution_README.md
    ./converted_md_files/concepts_concept_note.md
    ./converted_md_files/concepts_README.md
    ./converted_md_files/exercises_README.md
    ./converted_md_files/exercises_worked_example.md
    ./converted_md_files/aerospace_README.md
    ./converted_md_files/automotive_README.md
    ./converted_md_files/medical_README.md
    ./converted_md_files/Day18_ObjectCode_Verification_DAL_A_README.md
    ./converted_md_files/concepts_concept_note.md
    ./converted_md_files/concepts_README.md
    ./converted_md_files/exercises_README.md
    ./converted_md_files/exercises_worked_example.md
    ./converted_md_files/aerospace_README.md
    ./converted_md_files/TRACE32_ObjectCode_Testing_README.md
    ./converted_md_files/PRACTICE_Scripts_README.md
    ./converted_md_files/automotive_README.md
    ./converted_md_files/medical_README.md
    ./converted_md_files/Day11_CodeGeneration_README.md
    ./converted_md_files/concepts_concept_note.md
    ./converted_md_files/concepts_README.md
    ./converted_md_files/exercises_README.md
    ./converted_md_files/exercises_worked_example.md
    ./converted_md_files/aerospace_README.md
    ./converted_md_files/automotive_README.md
    ./converted_md_files/medical_README.md
    ./converted_md_files/Day21_HIL_Concepts_README.md
    ./converted_md_files/concepts_concept_note.md
    ./converted_md_files/concepts_README.md
    ./converted_md_files/exercises_README.md
    ./converted_md_files/exercises_worked_example.md
    ./converted_md_files/aerospace_README.md
    ./converted_md_files/automotive_README.md
    ./converted_md_files/medical_README.md
    ./converted_md_files/Day27_HIL_FaultInjection_README.md
    ./converted_md_files/concepts_concept_note.md
    ./converted_md_files/concepts_README.md
    ./converted_md_files/exercises_README.md
    ./converted_md_files/exercises_worked_example.md
    ./converted_md_files/aerospace_README.md
    ./converted_md_files/automotive_README.md
    ./converted_md_files/medical_README.md
    ./converted_md_files/Day22_Hardware_Setup_README.md
    ./converted_md_files/concepts_concept_note.md
    ./converted_md_files/concepts_README.md
    ./converted_md_files/exercises_README.md
    ./converted_md_files/exercises_worked_example.md
    ./converted_md_files/aerospace_README.md
    ./converted_md_files/automotive_README.md
    ./converted_md_files/medical_README.md
    ./converted_md_files/Day24_HIL_Scripting_README.md
    ./converted_md_files/concepts_concept_note.md
    ./converted_md_files/concepts_README.md
    ./converted_md_files/exercises_README.md
    ./converted_md_files/exercises_worked_example.md
    ./converted_md_files/aerospace_README.md
    ./converted_md_files/automotive_README.md
    ./converted_md_files/medical_README.md
    ./converted_md_files/Day29_HIL_Regression_and_Automation_README.md
    ./converted_md_files/concepts_concept_note.md
    ./converted_md_files/concepts_README.md
    ./converted_md_files/exercises_README.md
    ./converted_md_files/exercises_worked_example.md
    ./converted_md_files/aerospace_README.md
    ./converted_md_files/automotive_README.md
    ./converted_md_files/medical_README.md
    ./converted_md_files/Day25_Bus_and_Network_Analysis_README.md
    ./converted_md_files/concepts_concept_note.md
    ./converted_md_files/concepts_README.md
    ./converted_md_files/exercises_README.md
    ./converted_md_files/exercises_worked_example.md
    ./converted_md_files/aerospace_README.md
    ./converted_md_files/automotive_README.md
    ./converted_md_files/medical_README.md
    ./converted_md_files/Day30_Final_Capstone_README.md
    ./converted_md_files/concepts_concept_note.md
    ./converted_md_files/concepts_README.md
    ./converted_md_files/exercises_README.md
    ./converted_md_files/exercises_worked_example.md
    ./converted_md_files/aerospace_README.md
    ./converted_md_files/results_README.md
    ./converted_md_files/automotive_README.md
    ./converted_md_files/results_README.md
    ./converted_md_files/medical_README.md
    ./converted_md_files/results_README.md
    ./converted_md_files/Day26_ExecutionTrace_and_WCET_README.md
    ./converted_md_files/concepts_concept_note.md
    ./converted_md_files/concepts_README.md
    ./converted_md_files/exercises_README.md
    ./converted_md_files/exercises_worked_example.md
    ./converted_md_files/aerospace_README.md
    ./converted_md_files/automotive_README.md
    ./converted_md_files/medical_README.md
    ./converted_md_files/Day23_RealTime_IO_README.md
    ./converted_md_files/concepts_concept_note.md
    ./converted_md_files/concepts_README.md
    ./converted_md_files/exercises_README.md
    ./converted_md_files/exercises_worked_example.md
    ./converted_md_files/aerospace_README.md
    ./converted_md_files/automotive_README.md
    ./converted_md_files/medical_README.md
    ./converted_md_files/Day28_Compliance_Mapping_README.md
    ./converted_md_files/concepts_concept_note.md
    ./converted_md_files/concepts_README.md
    ./converted_md_files/exercises_README.md
    ./converted_md_files/exercises_worked_example.md
    ./converted_md_files/aerospace_README.md
    ./converted_md_files/automotive_README.md
    ./converted_md_files/medical_README.md
    ./converted_md_files/domains_README.md
    ./converted_md_files/medical_InfusionPump_use_cases_and_examples.md
    ./converted_md_files/automotive_ACC_use_cases_and_examples.md
    ./converted_md_files/tools_README.md
    ./converted_md_files/TRACE32_README.md
    ./converted_md_files/Wireshark_README.md
    ./converted_md_files/Ballard_ARINC_README.md
    ./converted_md_files/CANoe_README.md
    ./converted_md_files/CANalyzer_README.md
[STATS] Creating folders and splitting MD files...
[STATS] New folders created: 66
[STATS] Total split MD files created: 571
[STATS] Conversion and splitting complete.
RST to MD conversion and splitting complete.
